<?xml version="1.0" encoding="UTF-8"?>
<testsuite name="com.omniversity.post_service.PostServiceApplicationTests" tests="1" skipped="0" failures="0" errors="0" timestamp="2025-07-07T18:16:13.217Z" hostname="DESKTOP-N7N8ASP" time="0.049">
  <properties/>
  <testcase name="contextLoads()" classname="com.omniversity.post_service.PostServiceApplicationTests" time="0.049"/>
  <system-out><![CDATA[20:15:58.873 [Test worker] INFO org.springframework.test.context.support.AnnotationConfigContextLoaderUtils -- Could not detect default configuration classes for test class [com.omniversity.post_service.PostServiceApplicationTests]: PostServiceApplicationTests does not declare any static, non-private, non-final, nested classes annotated with @Configuration.
20:15:59.280 [Test worker] INFO org.springframework.boot.test.context.SpringBootTestContextBootstrapper -- Found @SpringBootConfiguration com.omniversity.post_service.PostServiceApplication for test class com.omniversity.post_service.PostServiceApplicationTests

  .   ____          _            __ _ _
 /\\ / ___'_ __ _ _(_)_ __  __ _ \ \ \ \
( ( )\___ | '_ | '_| | '_ \/ _` | \ \ \ \
 \\/  ___)| |_)| | | | | || (_| |  ) ) ) )
  '  |____| .__|_| |_|_| |_\__, | / / / /
 =========|_|==============|___/=/_/_/_/

 :: Spring Boot ::                (v3.4.5)

2025-07-07T20:16:03.513+02:00  INFO 51276 --- [post-service] [    Test worker] [                                                 ] c.o.p.PostServiceApplicationTests        : Starting PostServiceApplicationTests using Java 17.0.4.1 with PID 51276 (started by david in C:\Projects\Exchange\server-application\post-service)
2025-07-07T20:16:03.516+02:00  INFO 51276 --- [post-service] [    Test worker] [                                                 ] c.o.p.PostServiceApplicationTests        : The following 1 profile is active: "test"
2025-07-07T20:16:04.394+02:00  INFO 51276 --- [post-service] [    Test worker] [                                                 ] .s.d.r.c.RepositoryConfigurationDelegate : Bootstrapping Spring Data JPA repositories in DEFAULT mode.
2025-07-07T20:16:04.973+02:00  INFO 51276 --- [post-service] [    Test worker] [                                                 ] .s.d.r.c.RepositoryConfigurationDelegate : Finished Spring Data repository scanning in 555 ms. Found 1 JPA repository interface.
2025-07-07T20:16:05.107+02:00  INFO 51276 --- [post-service] [    Test worker] [                                                 ] beddedDataSourceBeanFactoryPostProcessor : Replacing 'dataSource' DataSource bean with embedded version
2025-07-07T20:16:05.385+02:00  INFO 51276 --- [post-service] [    Test worker] [                                                 ] o.s.j.d.e.EmbeddedDatabaseFactory        : Starting embedded database: url='jdbc:h2:mem:ab14b41d-080d-4696-afd5-4612205b66ee;DB_CLOSE_DELAY=-1;DB_CLOSE_ON_EXIT=false', username='sa'
2025-07-07T20:16:06.437+02:00  INFO 51276 --- [post-service] [    Test worker] [                                                 ] o.hibernate.jpa.internal.util.LogHelper  : HHH000204: Processing PersistenceUnitInfo [name: default]
2025-07-07T20:16:06.757+02:00  INFO 51276 --- [post-service] [    Test worker] [                                                 ] org.hibernate.Version                    : HHH000412: Hibernate ORM core version 6.6.13.Final
2025-07-07T20:16:06.963+02:00  INFO 51276 --- [post-service] [    Test worker] [                                                 ] o.h.c.internal.RegionFactoryInitiator    : HHH000026: Second-level cache disabled
2025-07-07T20:16:07.480+02:00  INFO 51276 --- [post-service] [    Test worker] [                                                 ] o.s.o.j.p.SpringPersistenceUnitInfo      : No LoadTimeWeaver setup: ignoring JPA class transformer
2025-07-07T20:16:07.677+02:00  WARN 51276 --- [post-service] [    Test worker] [                                                 ] org.hibernate.orm.deprecation            : HHH90000025: H2Dialect does not need to be specified explicitly using 'hibernate.dialect' (remove the property setting and it will be selected by default)
2025-07-07T20:16:07.755+02:00  INFO 51276 --- [post-service] [    Test worker] [                                                 ] org.hibernate.orm.connections.pooling    : HHH10001005: Database info:
	Database JDBC URL [Connecting through datasource 'org.springframework.jdbc.datasource.embedded.EmbeddedDatabaseFactory$EmbeddedDataSourceProxy@124a5e54']
	Database driver: undefined/unknown
	Database version: 2.3.232
	Autocommit mode: undefined/unknown
	Isolation level: undefined/unknown
	Minimum pool size: undefined/unknown
	Maximum pool size: undefined/unknown
2025-07-07T20:16:10.602+02:00  INFO 51276 --- [post-service] [    Test worker] [                                                 ] o.h.e.t.j.p.i.JtaPlatformInitiator       : HHH000489: No JTA platform available (set 'hibernate.transaction.jta.platform' to enable JTA platform integration)
2025-07-07T20:16:10.676+02:00 DEBUG 51276 --- [post-service] [    Test worker] [                                                 ] org.hibernate.SQL                        : drop table if exists post cascade 
Hibernate: drop table if exists post cascade 
2025-07-07T20:16:10.698+02:00 DEBUG 51276 --- [post-service] [    Test worker] [                                                 ] org.hibernate.SQL                        : create table post (is_deleted boolean not null, author_id bigint not null, community_id bigint not null, created_at timestamp(6) with time zone not null, id bigint generated by default as identity, updated_at timestamp(6) with time zone, attachment_path varchar(255), content varchar(255) not null, title varchar(255) not null, status enum ('ARCHIVED','DRAFT','PUBLISHED') not null, primary key (id))
Hibernate: create table post (is_deleted boolean not null, author_id bigint not null, community_id bigint not null, created_at timestamp(6) with time zone not null, id bigint generated by default as identity, updated_at timestamp(6) with time zone, attachment_path varchar(255), content varchar(255) not null, title varchar(255) not null, status enum ('ARCHIVED','DRAFT','PUBLISHED') not null, primary key (id))
2025-07-07T20:16:10.752+02:00  INFO 51276 --- [post-service] [    Test worker] [                                                 ] j.LocalContainerEntityManagerFactoryBean : Initialized JPA EntityManagerFactory for persistence unit 'default'
2025-07-07T20:16:11.564+02:00  INFO 51276 --- [post-service] [    Test worker] [                                                 ] o.s.d.j.r.query.QueryEnhancerFactory     : Hibernate is in classpath; If applicable, HQL parser will be used.
2025-07-07T20:16:13.201+02:00  INFO 51276 --- [post-service] [    Test worker] [                                                 ] c.o.p.PostServiceApplicationTests        : Started PostServiceApplicationTests in 13.431 seconds (process running for 18.957)
]]></system-out>
  <system-err><![CDATA[]]></system-err>
</testsuite>
